<?xml version="1.0" encoding="UTF-8"?>
<!-- Generated by org.testng.reporters.JUnitReportReporter -->
<testsuite skipped="0" hostname="LAPTOP-MOFQUI6M" name="gmracademy.SeleniumTest" tests="2" failures="0" timestamp="28 Feb 2019 05:26:42 GMT" time="0.005" errors="0">
  <testcase name="browserAutomation" time="0.005" classname="gmracademy.SeleniumTest"/>
  <testcase name="elementsUI" time="0.000" classname="gmracademy.SeleniumTest"/>
</testsuite> <!-- gmracademy.SeleniumTest -->
