<?xml version="1.0" encoding="UTF-8"?>
<!-- Generated by org.testng.reporters.JUnitReportReporter -->
<testsuite skipped="0" hostname="LAPTOP-MOFQUI6M" name="gmracademy.AppiumTest" tests="2" failures="0" timestamp="28 Feb 2019 05:26:29 GMT" time="0.001" errors="0">
  <testcase name="nativeAppAndroid" time="0.001" classname="gmracademy.AppiumTest"/>
  <testcase name="iosApps" time="0.000" classname="gmracademy.AppiumTest"/>
</testsuite> <!-- gmracademy.AppiumTest -->
